<?xml version="1.0" encoding="utf-8"?><testsuites name="pytest tests"><testsuite name="pytest" errors="0" failures="0" skipped="0" tests="12" time="5.848" timestamp="2026-05-15T05:19:45.534696+00:00" hostname="agent-env-d75b0f46-ec12-4926-adf8-35142a6d2a6b"><testcase classname="tests.test_mdm_api" name="test_health" time="0.286" /><testcase classname="tests.test_mdm_api" name="test_demo_load" time="0.063" /><testcase classname="tests.test_mdm_api" name="test_intent_reject_empty_match_columns" time="0.047" /><testcase classname="tests.test_mdm_api" name="test_intent_reject_sum_99" time="0.050" /><testcase classname="tests.test_mdm_api" name="test_intent_reject_sum_101" time="0.051" /><testcase classname="tests.test_mdm_api" name="test_intent_accept_sum_100_and_sorts_rules" time="0.095" /><testcase classname="tests.test_mdm_api" name="test_agent_strategy_new_schema" time="2.233" /><testcase classname="tests.test_mdm_api" name="test_pipeline_execute_async_and_progress" time="2.640" /><testcase classname="tests.test_mdm_api" name="test_master_results_paginate" time="0.053" /><testcase classname="tests.test_mdm_api" name="test_suspect_results_paginate" time="0.050" /><testcase classname="tests.test_mdm_api" name="test_get_sql_5_layers" time="0.049" /><testcase classname="tests.test_mdm_api" name="test_audit" time="0.054" /></testsuite></testsuites>