<?xml version="1.0" encoding="utf-8"?><testsuites name="pytest tests"><testsuite name="pytest" errors="0" failures="0" skipped="0" tests="16" time="3.306" timestamp="2026-05-14T16:42:30.810335+00:00" hostname="agent-env-d75b0f46-ec12-4926-adf8-35142a6d2a6b"><testcase classname="tests.test_mdm_api" name="test_health" time="0.211" /><testcase classname="tests.test_mdm_api" name="test_demo_load" time="0.060" /><testcase classname="tests.test_mdm_api" name="test_upload_csv" time="0.059" /><testcase classname="tests.test_mdm_api" name="test_intent_save_rejects_99" time="0.049" /><testcase classname="tests.test_mdm_api" name="test_intent_save_rejects_101" time="0.053" /><testcase classname="tests.test_mdm_api" name="test_intent_save_accepts_100_and_persists" time="0.102" /><testcase classname="tests.test_mdm_api" name="test_agent_strategy" time="2.016" /><testcase classname="tests.test_mdm_api" name="test_pipeline_execute" time="0.092" /><testcase classname="tests.test_mdm_api" name="test_master_results" time="0.055" /><testcase classname="tests.test_mdm_api" name="test_suspect_results" time="0.055" /><testcase classname="tests.test_mdm_api" name="test_get_sql_5_layers" time="0.056" /><testcase classname="tests.test_mdm_api" name="test_download_sql" time="0.049" /><testcase classname="tests.test_mdm_api" name="test_identity_search" time="0.052" /><testcase classname="tests.test_mdm_api" name="test_audit" time="0.051" /><testcase classname="tests.test_mdm_api" name="test_dashboard_kpis" time="0.053" /><testcase classname="tests.test_mdm_api" name="test_get_and_put_gcp_config" time="0.157" /></testsuite></testsuites>